/home/wzw/Programfiles/Synopsys/syn/O-2018.06-SP1/auxx/gui/dv/dv_setup.tcl
/home/wzw/Programfiles/Synopsys/syn/O-2018.06-SP1/auxx/gui/syn/snpsSynProcs.tcl
/home/wzw/Programfiles/Synopsys/syn/O-2018.06-SP1/auxx/gui/syn/layout/pkgIndex.tcl
/home/wzw/Programfiles/Synopsys/syn/O-2018.06-SP1/auxx/gui/common/palettegroup/pkgIndex.tcl
/home/wzw/Programfiles/Synopsys/syn/O-2018.06-SP1/auxx/gui/common/setup/pkgIndex.tcl
/home/wzw/Programfiles/Synopsys/syn/O-2018.06-SP1/auxx/gui/common/schematic/pkgIndex.tcl
/home/wzw/Programfiles/Synopsys/syn/O-2018.06-SP1/auxx/gui/common/menus/pkgIndex.tcl
/home/wzw/Programfiles/Synopsys/syn/O-2018.06-SP1/auxx/gui/common/fanoutviewer/pkgIndex.tcl
/home/wzw/Programfiles/Synopsys/syn/O-2018.06-SP1/auxx/gui/common/profiler/pkgIndex.tcl
/home/wzw/Programfiles/Synopsys/syn/O-2018.06-SP1/auxx/gui/common/WindowFrameWork/pkgIndex.tcl
/home/wzw/Programfiles/Synopsys/syn/O-2018.06-SP1/auxx/gui/common/libviewer/pkgIndex.tcl
/home/wzw/Programfiles/Synopsys/syn/O-2018.06-SP1/auxx/gui/common/misc/pkgIndex.tcl
/home/wzw/Programfiles/Synopsys/syn/O-2018.06-SP1/auxx/gui/common/tiledview/pkgIndex.tcl
/home/wzw/Programfiles/Synopsys/syn/O-2018.06-SP1/auxx/gui/common/opdlg/pkgIndex.tcl
/home/wzw/Programfiles/Synopsys/syn/O-2018.06-SP1/auxx/gui/common/highlight/pkgIndex.tcl
/home/wzw/Programfiles/Synopsys/syn/O-2018.06-SP1/auxx/gui/common/pathinspector/pkgIndex.tcl
/home/wzw/Programfiles/Synopsys/syn/O-2018.06-SP1/auxx/gui/common/commandform/pkgIndex.tcl
/home/wzw/Programfiles/Synopsys/syn/O-2018.06-SP1/auxx/gui/common/qtcl/pkgIndex.tcl
/home/wzw/Programfiles/Synopsys/syn/O-2018.06-SP1/auxx/gui/common/timing/pkgIndex.tcl
/home/wzw/Programfiles/Synopsys/syn/O-2018.06-SP1/auxx/gui/common/layout/pkgIndex.tcl
/home/wzw/Programfiles/Synopsys/syn/O-2018.06-SP1/auxx/gui/common/tcl-dp/pkgIndex.tcl
/home/wzw/Programfiles/Synopsys/syn/O-2018.06-SP1/auxx/gui/common/mrupalette/pkgIndex.tcl
/home/wzw/Programfiles/Synopsys/syn/O-2018.06-SP1/auxx/gui/common/tq/pkgIndex.tcl
/home/wzw/Programfiles/Synopsys/syn/O-2018.06-SP1/auxx/gui/common/regressionToolkit/pkgIndex.tcl
/home/wzw/Programfiles/Synopsys/syn/O-2018.06-SP1/auxx/gui/common/strokes/pkgIndex.tcl
/home/wzw/Programfiles/Synopsys/syn/O-2018.06-SP1/auxx/gui/common/table/pkgIndex.tcl
/home/wzw/Programfiles/Synopsys/syn/O-2018.06-SP1/auxx/gui/common/dialogs/pkgIndex.tcl
/home/wzw/Programfiles/Synopsys/syn/O-2018.06-SP1/auxx/gui/common/acg/pkgIndex.tcl
/home/wzw/Programfiles/Synopsys/syn/O-2018.06-SP1/auxx/gui/common/hierarchy/pkgIndex.tcl
/home/wzw/Programfiles/Synopsys/syn/O-2018.06-SP1/auxx/gui/common/view/pkgIndex.tcl
/home/wzw/Programfiles/Synopsys/syn/O-2018.06-SP1/auxx/gui/common/select/pkgIndex.tcl
/home/wzw/Programfiles/Synopsys/syn/O-2018.06-SP1/auxx/gui/common/docBrowser/pkgIndex.tcl
/home/wzw/Programfiles/Synopsys/syn/O-2018.06-SP1/auxx/gui/common/histogram/pkgIndex.tcl
/home/wzw/Programfiles/Synopsys/syn/O-2018.06-SP1/auxx/gui/dv/pkgIndex.tcl
/home/wzw/Programfiles/Synopsys/syn/O-2018.06-SP1/auxx/syn/lib/pkgIndex.tcl
/home/wzw/Programfiles/Synopsys/syn/O-2018.06-SP1/auxx/tcllib/lib/iwidgets4.1/pkgIndex.tcl
/home/wzw/Programfiles/Synopsys/syn/O-2018.06-SP1/auxx/tcllib/snps_tcl/snpsUtils/pkgIndex.tcl
/home/wzw/Programfiles/Synopsys/syn/O-2018.06-SP1/auxx/tcllib/snps_tcl/snpsTest/pkgIndex.tcl
/home/wzw/Programfiles/Synopsys/syn/O-2018.06-SP1/auxx/tcllib/snps_tcl/snpsTclPro/pkgIndex.tcl
/home/wzw/Programfiles/Synopsys/syn/O-2018.06-SP1/auxx/tcllib/snps_tcl/pkgIndex.tcl
/home/wzw/Programfiles/Synopsys/syn/O-2018.06-SP1/auxx/tcllib/lib/tcl8.6/reg/pkgIndex.tcl
/home/wzw/Programfiles/Synopsys/syn/O-2018.06-SP1/auxx/tcllib/lib/tcl8.6/tcltest/pkgIndex.tcl
/home/wzw/Programfiles/Synopsys/syn/O-2018.06-SP1/auxx/tcllib/lib/tcl8.6/platform/pkgIndex.tcl
/home/wzw/Programfiles/Synopsys/syn/O-2018.06-SP1/auxx/tcllib/lib/tcl8.6/http1.0/pkgIndex.tcl
/home/wzw/Programfiles/Synopsys/syn/O-2018.06-SP1/auxx/tcllib/lib/tcl8.6/msgcat/pkgIndex.tcl
/home/wzw/Programfiles/Synopsys/syn/O-2018.06-SP1/auxx/tcllib/lib/tcl8.6/http/pkgIndex.tcl
/home/wzw/Programfiles/Synopsys/syn/O-2018.06-SP1/auxx/tcllib/lib/tcl8.6/dde/pkgIndex.tcl
/home/wzw/Programfiles/Synopsys/syn/O-2018.06-SP1/auxx/tcllib/lib/tcl8.6/opt/pkgIndex.tcl
/home/wzw/Programfiles/Synopsys/syn/O-2018.06-SP1/auxx/gui/common/setup/snpsCommonSetup.tcl
/home/wzw/Programfiles/Synopsys/syn/O-2018.06-SP1/auxx/gui/common/setup/snpsCustomize.tcl
/home/wzw/Programfiles/Synopsys/syn/O-2018.06-SP1/auxx/gui/common/setup/snpsProcheck.tcl
/home/wzw/Programfiles/Synopsys/syn/O-2018.06-SP1/auxx/gui/common/qtcl/.synopsys_qtcl.tcl
/home/wzw/Programfiles/Synopsys/syn/O-2018.06-SP1/auxx/gui/common/highlight/highlight.tcl
/home/wzw/Programfiles/Synopsys/syn/O-2018.06-SP1/auxx/gui/common/misc/base.tcl
/home/wzw/Programfiles/Synopsys/syn/O-2018.06-SP1/auxx/gui/common/misc/timing.tcl
/home/wzw/Programfiles/Synopsys/syn/O-2018.06-SP1/auxx/gui/common/misc/setting.tcl
/home/wzw/Programfiles/Synopsys/syn/O-2018.06-SP1/auxx/gui/common/misc/preset.tcl
/home/wzw/Programfiles/Synopsys/syn/O-2018.06-SP1/auxx/gui/common/WindowFrameWork/windowFrameWork.tcl
/home/wzw/Programfiles/Synopsys/syn/O-2018.06-SP1/auxx/gui/common/WindowFrameWork/skipBusyCursorCmdList.tcl
/home/wzw/Programfiles/Synopsys/syn/O-2018.06-SP1/auxx/gui/common/docBrowser/docBrowser.tcl
/home/wzw/Programfiles/Synopsys/syn/O-2018.06-SP1/auxx/tcllib/snps_tcl/snpsUtils/snpsUtils.tcl
/home/wzw/Programfiles/Synopsys/syn/O-2018.06-SP1/auxx/gui/common/dialogs/ObjectChooser.tcl
/home/wzw/Programfiles/Synopsys/syn/O-2018.06-SP1/auxx/gui/common/misc/DialogObjectChooser.tcl
/home/wzw/Programfiles/Synopsys/syn/O-2018.06-SP1/auxx/gui/common/dialogs/HistBinInformation.tcl
/home/wzw/Programfiles/Synopsys/syn/O-2018.06-SP1/auxx/gui/common/dialogs/HistBin1Information.tcl
/home/wzw/Programfiles/Synopsys/syn/O-2018.06-SP1/auxx/gui/common/dialogs/BinsOnlyInformation.tcl
/home/wzw/Programfiles/Synopsys/syn/O-2018.06-SP1/auxx/gui/common/dialogs/FileChooser.tcl
/home/wzw/Programfiles/Synopsys/syn/O-2018.06-SP1/auxx/gui/common/dialogs/PathPinSimpleInfo.tcl
/home/wzw/Programfiles/Synopsys/syn/O-2018.06-SP1/auxx/gui/common/dialogs/PathsBasicInfo.tcl
/home/wzw/Programfiles/Synopsys/syn/O-2018.06-SP1/auxx/gui/common/dialogs/PathsBasicSimpleInfo.tcl
/home/wzw/Programfiles/Synopsys/syn/O-2018.06-SP1/auxx/gui/common/dialogs/SlctOperationInfo.tcl
/home/wzw/Programfiles/Synopsys/syn/O-2018.06-SP1/auxx/gui/common/dialogs/ObjectListInfo.tcl
/home/wzw/Programfiles/Synopsys/syn/O-2018.06-SP1/auxx/gui/common/dialogs/FanInOutInfo.tcl
/home/wzw/Programfiles/Synopsys/syn/O-2018.06-SP1/auxx/gui/common/dialogs/NumberOfLevelsChooser.tcl
/home/wzw/Programfiles/Synopsys/syn/O-2018.06-SP1/auxx/gui/common/dialogs/WindowReuseInfo.tcl
/home/wzw/Programfiles/Synopsys/syn/O-2018.06-SP1/auxx/gui/common/dialogs/ReportOutputOptionInfo.tcl
/home/wzw/Programfiles/Synopsys/syn/O-2018.06-SP1/auxx/gui/common/setup/snpsCollections.tcl
/home/wzw/Programfiles/Synopsys/syn/O-2018.06-SP1/auxx/gui/common/dialogs/CompileLinkDesign.tcl
/home/wzw/Programfiles/Synopsys/syn/O-2018.06-SP1/auxx/gui/common/histogram/DialogEndpointSlack.tcl
/home/wzw/Programfiles/Synopsys/syn/O-2018.06-SP1/auxx/gui/common/histogram/DialogPathsSlack.tcl
/home/wzw/Programfiles/Synopsys/syn/O-2018.06-SP1/auxx/gui/common/histogram/DialogNetCapacitance.tcl
/home/wzw/Programfiles/Synopsys/syn/O-2018.06-SP1/auxx/gui/common/schematic/DialogPathSchematicFanInOut.tcl
/home/wzw/Programfiles/Synopsys/syn/O-2018.06-SP1/auxx/gui/common/schematic/DialogPathSchematicAddPaths.tcl
/home/yangjingkui/CodeField/earth/scripts/synth_earth_top.tcl
/home/wzw/Programfiles/Synopsys/syn/O-2018.06-SP1/auxx/tcllib/lib/tcl8.6/clock.tcl
/home/wzw/Programfiles/Synopsys/syn/O-2018.06-SP1/auxx/tcllib/lib/tcl8.6/msgcat/msgcat.tcl
/home/yangjingkui/CodeField/earth/lib/tcbn28hpcplusbwp12t40p140lvttt1v25c_ccs.db
/home/wzw/Programfiles/Synopsys/syn/O-2018.06-SP1/libraries/syn/gtech.db
/home/wzw/Programfiles/Synopsys/syn/O-2018.06-SP1/libraries/syn/standard.sldb
/home/yangjingkui/CodeField/earth/rtl/earth_top.v
/home/yangjingkui/CodeField/earth/rtl/earth_top.v
/home/yangjingkui/CodeField/earth/rtl/acc_16_1.v
/home/yangjingkui/CodeField/earth/rtl/acc_16_1.v
/home/yangjingkui/CodeField/earth/rtl/acc_temporal.v
/home/yangjingkui/CodeField/earth/rtl/acc_temporal.v
/home/yangjingkui/CodeField/earth/rtl/arith_pipeline.v
/home/yangjingkui/CodeField/earth/rtl/arith_pipeline.v
/home/yangjingkui/CodeField/earth/rtl/dpu.v
/home/yangjingkui/CodeField/earth/rtl/dpu.v
/home/yangjingkui/CodeField/earth/rtl/fp16_adder.v
/home/yangjingkui/CodeField/earth/rtl/fp16_adder.v
/home/yangjingkui/CodeField/earth/rtl/fp16_mul.v
/home/yangjingkui/CodeField/earth/rtl/fp16_mul.v
/home/yangjingkui/CodeField/earth/rtl/lut_bank.v
/home/yangjingkui/CodeField/earth/rtl/lut_bank.v
/home/yangjingkui/CodeField/earth/rtl/output_collector.v
/home/yangjingkui/CodeField/earth/rtl/output_collector.v
/home/yangjingkui/CodeField/earth/rtl/pe_array.v
/home/yangjingkui/CodeField/earth/rtl/pe_array.v
/home/yangjingkui/CodeField/earth/rtl/token_buffer.v
/home/yangjingkui/CodeField/earth/rtl/token_buffer.v
/home/yangjingkui/CodeField/earth/rtl/weight_buffer.v
/home/yangjingkui/CodeField/earth/rtl/weight_buffer.v
/home/yangjingkui/CodeField/earth/rtl/acc_array.v
/home/yangjingkui/CodeField/earth/rtl/acc_array.v
/home/yangjingkui/CodeField/earth/rtl/act_dispatcher.v
/home/yangjingkui/CodeField/earth/rtl/act_dispatcher.v
/home/yangjingkui/CodeField/earth/rtl/buffer.v
/home/yangjingkui/CodeField/earth/rtl/buffer.v
/home/yangjingkui/CodeField/earth/rtl/fp16_acc.v
/home/yangjingkui/CodeField/earth/rtl/fp16_acc.v
/home/yangjingkui/CodeField/earth/rtl/fp16_int4_mul.v
/home/yangjingkui/CodeField/earth/rtl/fp16_int4_mul.v
/home/yangjingkui/CodeField/earth/rtl/gating.v
/home/yangjingkui/CodeField/earth/rtl/gating.v
/home/yangjingkui/CodeField/earth/rtl/main_controller.v
/home/yangjingkui/CodeField/earth/rtl/main_controller.v
/home/yangjingkui/CodeField/earth/rtl/pe.v
/home/yangjingkui/CodeField/earth/rtl/pe.v
/home/yangjingkui/CodeField/earth/rtl/sram16_wrapper.v
/home/yangjingkui/CodeField/earth/rtl/sram16_wrapper.v
/home/yangjingkui/CodeField/earth/rtl/topk.v
/home/yangjingkui/CodeField/earth/rtl/topk.v
/home/yangjingkui/CodeField/earth/rtl/weight_dispatcher.v
/home/yangjingkui/CodeField/earth/rtl/weight_dispatcher.v
/home/yangjingkui/CodeField/earth/sdc/earth_top.sdc
/home/wzw/Programfiles/Synopsys/syn/O-2018.06-SP1/libraries/syn/dw_foundation.sldb
/home/yangjingkui/CodeField/earth/lib/tcbn28hpcplusbwp12t40p140lvttt1v25c_ccs.db
/home/yangjingkui/CodeField/earth/alib-52/tcbn28hpcplusbwp12t40p140lvttt1v25c_ccs.db.alib
/home/yangjingkui/CodeField/earth/lib/tcbn28hpcplusbwp12t40p140lvttt1v25c_ccs.db
/home/yangjingkui/CodeField/earth/alib-52/tcbn28hpcplusbwp12t40p140lvttt1v25c_ccs.db.alib
/home/yangjingkui/synopsys_cache_O-2018.06-SP1/DW01/DW01_NAND2/str/tcbn28hpcplusbwp12t40p140lvttt1v25c_ccs_7475/element.ddc
